[9.0 minutes]	Chunk 35: (pM50~GTSP2160~1) completed with 5466 reads.
[10.1 minutes]	Chunk 35: (pM50~GTSP2161~1) completed with 3825 reads.
[11.3 minutes]	Chunk 35: (pM50~GTSP2162~1) completed with 4716 reads.
[12.3 minutes]	Chunk 35: (pM66~GTSP2163~1) completed with 2746 reads.
[13.6 minutes]	Chunk 35: (pM66~GTSP2164~1) completed with 3335 reads.
[14.4 minutes]	Chunk 35: (pM66~GTSP2165~1) completed with 836 reads.
[15.6 minutes]	Chunk 35: (pLinus~GTSP2166~1) completed with 6438 reads.
[16.8 minutes]	Chunk 35: (pLinus~GTSP2167~1) completed with 6821 reads.
[17.9 minutes]	Chunk 35: (pLinus~GTSP2168~1) completed with 4678 reads.
[18.6 minutes]	Chunk 35: No reads demultiplexed for sample NTC~NTC1~1.
[19.5 minutes]	Chunk 35: (pH19~GTSP2169~1) completed with 2477 reads.
[20.4 minutes]	Chunk 35: (pH19~GTSP2170~1) completed with 2971 reads.
[21.1 minutes]	Chunk 35: (pH19~GTSP2171~1) completed with 9 reads.
[22.6 minutes]	Chunk 35: (pJ60~GTSP2172~1) completed with 7078 reads.
[24.1 minutes]	Chunk 35: (pJ60~GTSP2173~1) completed with 7360 reads.
[25.3 minutes]	Chunk 35: (pJ60~GTSP2174~1) completed with 5325 reads.
[26.7 minutes]	Chunk 35: (pM06~GTSP2175~1) completed with 4098 reads.
[28.1 minutes]	Chunk 35: (pM06~GTSP2176~1) completed with 5596 reads.
[29.5 minutes]	Chunk 35: (pM06~GTSP2177~1) completed with 4486 reads.
[30.6 minutes]	Chunk 35: (pHO2~GTSP2178~1) completed with 2161 reads.
[31.7 minutes]	Chunk 35: (pM12~GTSP2179~1) completed with 1741 reads.
[32.3 minutes]	Chunk 35: No reads demultiplexed for sample NTC~NTC2~1.
[32.3 minutes]	Chunk 35 completed.
