[9.2 minutes]	Chunk 32: (pM50~GTSP2160~1) completed with 5454 reads.
[10.3 minutes]	Chunk 32: (pM50~GTSP2161~1) completed with 3443 reads.
[11.6 minutes]	Chunk 32: (pM50~GTSP2162~1) completed with 4720 reads.
[12.6 minutes]	Chunk 32: (pM66~GTSP2163~1) completed with 2719 reads.
[14.0 minutes]	Chunk 32: (pM66~GTSP2164~1) completed with 3588 reads.
[14.8 minutes]	Chunk 32: (pM66~GTSP2165~1) completed with 936 reads.
[16.0 minutes]	Chunk 32: (pLinus~GTSP2166~1) completed with 6354 reads.
[17.1 minutes]	Chunk 32: (pLinus~GTSP2167~1) completed with 6803 reads.
[18.3 minutes]	Chunk 32: (pLinus~GTSP2168~1) completed with 4657 reads.
[18.9 minutes]	Chunk 32: No reads demultiplexed for sample NTC~NTC1~1.
[19.9 minutes]	Chunk 32: (pH19~GTSP2169~1) completed with 2417 reads.
[20.8 minutes]	Chunk 32: (pH19~GTSP2170~1) completed with 2804 reads.
[21.5 minutes]	Chunk 32: (pH19~GTSP2171~1) completed with 11 reads.
[22.9 minutes]	Chunk 32: (pJ60~GTSP2172~1) completed with 5818 reads.
[24.4 minutes]	Chunk 32: (pJ60~GTSP2173~1) completed with 7301 reads.
[25.6 minutes]	Chunk 32: (pJ60~GTSP2174~1) completed with 5579 reads.
[27.0 minutes]	Chunk 32: (pM06~GTSP2175~1) completed with 3885 reads.
[28.4 minutes]	Chunk 32: (pM06~GTSP2176~1) completed with 5537 reads.
[29.8 minutes]	Chunk 32: (pM06~GTSP2177~1) completed with 4446 reads.
[31.0 minutes]	Chunk 32: (pHO2~GTSP2178~1) completed with 2452 reads.
[32.0 minutes]	Chunk 32: (pM12~GTSP2179~1) completed with 1913 reads.
[32.5 minutes]	Chunk 32: No reads demultiplexed for sample NTC~NTC2~1.
[32.5 minutes]	Chunk 32 completed.
