[9.1 minutes]	Chunk 31: (pM50~GTSP2160~1) completed with 5891 reads.
[10.2 minutes]	Chunk 31: (pM50~GTSP2161~1) completed with 3555 reads.
[11.5 minutes]	Chunk 31: (pM50~GTSP2162~1) completed with 4991 reads.
[12.6 minutes]	Chunk 31: (pM66~GTSP2163~1) completed with 2782 reads.
[13.9 minutes]	Chunk 31: (pM66~GTSP2164~1) completed with 3682 reads.
[14.8 minutes]	Chunk 31: (pM66~GTSP2165~1) completed with 1470 reads.
[16.0 minutes]	Chunk 31: (pLinus~GTSP2166~1) completed with 6570 reads.
[17.2 minutes]	Chunk 31: (pLinus~GTSP2167~1) completed with 7432 reads.
[18.3 minutes]	Chunk 31: (pLinus~GTSP2168~1) completed with 4946 reads.
[19.0 minutes]	Chunk 31: No reads demultiplexed for sample NTC~NTC1~1.
[19.9 minutes]	Chunk 31: (pH19~GTSP2169~1) completed with 2489 reads.
[20.9 minutes]	Chunk 31: (pH19~GTSP2170~1) completed with 2952 reads.
[21.6 minutes]	Chunk 31: (pH19~GTSP2171~1) completed with 8 reads.
[23.1 minutes]	Chunk 31: (pJ60~GTSP2172~1) completed with 6673 reads.
[24.6 minutes]	Chunk 31: (pJ60~GTSP2173~1) completed with 7660 reads.
[25.9 minutes]	Chunk 31: (pJ60~GTSP2174~1) completed with 5722 reads.
[27.3 minutes]	Chunk 31: (pM06~GTSP2175~1) completed with 3854 reads.
[28.8 minutes]	Chunk 31: (pM06~GTSP2176~1) completed with 5689 reads.
[30.2 minutes]	Chunk 31: (pM06~GTSP2177~1) completed with 4565 reads.
[31.4 minutes]	Chunk 31: (pHO2~GTSP2178~1) completed with 2525 reads.
[32.4 minutes]	Chunk 31: (pM12~GTSP2179~1) completed with 1997 reads.
[32.9 minutes]	Chunk 31: No reads demultiplexed for sample NTC~NTC2~1.
[32.9 minutes]	Chunk 31 completed.
