[9.1 minutes]	Chunk 16: (pM50~GTSP2160~1) completed with 5131 reads.
[10.2 minutes]	Chunk 16: (pM50~GTSP2161~1) completed with 3436 reads.
[11.5 minutes]	Chunk 16: (pM50~GTSP2162~1) completed with 4418 reads.
[12.5 minutes]	Chunk 16: (pM66~GTSP2163~1) completed with 2356 reads.
[13.7 minutes]	Chunk 16: (pM66~GTSP2164~1) completed with 2648 reads.
[14.4 minutes]	Chunk 16: (pM66~GTSP2165~1) completed with 463 reads.
[15.6 minutes]	Chunk 16: (pLinus~GTSP2166~1) completed with 5993 reads.
[16.7 minutes]	Chunk 16: (pLinus~GTSP2167~1) completed with 6376 reads.
[17.9 minutes]	Chunk 16: (pLinus~GTSP2168~1) completed with 4486 reads.
[18.5 minutes]	Chunk 16: No reads demultiplexed for sample NTC~NTC1~1.
[19.4 minutes]	Chunk 16: (pH19~GTSP2169~1) completed with 2161 reads.
[20.3 minutes]	Chunk 16: (pH19~GTSP2170~1) completed with 2961 reads.
[21.0 minutes]	Chunk 16: (pH19~GTSP2171~1) completed with 8 reads.
[22.6 minutes]	Chunk 16: (pJ60~GTSP2172~1) completed with 6472 reads.
[24.0 minutes]	Chunk 16: (pJ60~GTSP2173~1) completed with 7047 reads.
[25.3 minutes]	Chunk 16: (pJ60~GTSP2174~1) completed with 5088 reads.
[26.5 minutes]	Chunk 16: (pM06~GTSP2175~1) completed with 3569 reads.
[27.9 minutes]	Chunk 16: (pM06~GTSP2176~1) completed with 4936 reads.
[29.2 minutes]	Chunk 16: (pM06~GTSP2177~1) completed with 3958 reads.
[30.2 minutes]	Chunk 16: (pHO2~GTSP2178~1) completed with 1748 reads.
[31.2 minutes]	Chunk 16: (pM12~GTSP2179~1) completed with 1292 reads.
[31.9 minutes]	Chunk 16: No reads demultiplexed for sample NTC~NTC2~1.
[31.9 minutes]	Chunk 16 completed.
