[9.1 minutes]	Chunk 24: (pM50~GTSP2160~1) completed with 5676 reads.
[10.3 minutes]	Chunk 24: (pM50~GTSP2161~1) completed with 3840 reads.
[11.6 minutes]	Chunk 24: (pM50~GTSP2162~1) completed with 4909 reads.
[12.7 minutes]	Chunk 24: (pM66~GTSP2163~1) completed with 2863 reads.
[14.0 minutes]	Chunk 24: (pM66~GTSP2164~1) completed with 3957 reads.
[15.1 minutes]	Chunk 24: (pM66~GTSP2165~1) completed with 2694 reads.
[16.4 minutes]	Chunk 24: (pLinus~GTSP2166~1) completed with 6370 reads.
[17.6 minutes]	Chunk 24: (pLinus~GTSP2167~1) completed with 6971 reads.
[18.7 minutes]	Chunk 24: (pLinus~GTSP2168~1) completed with 4775 reads.
[19.4 minutes]	Chunk 24: No reads demultiplexed for sample NTC~NTC1~1.
[20.4 minutes]	Chunk 24: (pH19~GTSP2169~1) completed with 2688 reads.
[21.3 minutes]	Chunk 24: (pH19~GTSP2170~1) completed with 3135 reads.
[22.1 minutes]	Chunk 24: (pH19~GTSP2171~1) completed with 40 reads.
[23.8 minutes]	Chunk 24: (pJ60~GTSP2172~1) completed with 7663 reads.
[25.2 minutes]	Chunk 24: (pJ60~GTSP2173~1) completed with 7363 reads.
[26.5 minutes]	Chunk 24: (pJ60~GTSP2174~1) completed with 5503 reads.
[27.9 minutes]	Chunk 24: (pM06~GTSP2175~1) completed with 4495 reads.
[29.4 minutes]	Chunk 24: (pM06~GTSP2176~1) completed with 5744 reads.
[30.8 minutes]	Chunk 24: (pM06~GTSP2177~1) completed with 4569 reads.
[31.9 minutes]	Chunk 24: (pHO2~GTSP2178~1) completed with 2719 reads.
[32.8 minutes]	Chunk 24: (pM12~GTSP2179~1) completed with 2215 reads.
[33.2 minutes]	Chunk 24: No reads demultiplexed for sample NTC~NTC2~1.
[33.2 minutes]	Chunk 24 completed.
