[9.0 minutes]	Chunk 10: (pM50~GTSP2160~1) completed with 4938 reads.
[10.1 minutes]	Chunk 10: (pM50~GTSP2161~1) completed with 3560 reads.
[11.3 minutes]	Chunk 10: (pM50~GTSP2162~1) completed with 4445 reads.
[12.2 minutes]	Chunk 10: (pM66~GTSP2163~1) completed with 2478 reads.
[13.4 minutes]	Chunk 10: (pM66~GTSP2164~1) completed with 3101 reads.
[14.4 minutes]	Chunk 10: (pM66~GTSP2165~1) completed with 1406 reads.
[15.6 minutes]	Chunk 10: (pLinus~GTSP2166~1) completed with 6072 reads.
[16.7 minutes]	Chunk 10: (pLinus~GTSP2167~1) completed with 6723 reads.
[17.8 minutes]	Chunk 10: (pLinus~GTSP2168~1) completed with 4504 reads.
[18.5 minutes]	Chunk 10: No reads demultiplexed for sample NTC~NTC1~1.
[19.4 minutes]	Chunk 10: (pH19~GTSP2169~1) completed with 2517 reads.
[20.3 minutes]	Chunk 10: (pH19~GTSP2170~1) completed with 2969 reads.
[21.0 minutes]	Chunk 10: (pH19~GTSP2171~1) completed with 6 reads.
[22.5 minutes]	Chunk 10: (pJ60~GTSP2172~1) completed with 7083 reads.
[24.0 minutes]	Chunk 10: (pJ60~GTSP2173~1) completed with 6850 reads.
[25.1 minutes]	Chunk 10: (pJ60~GTSP2174~1) completed with 5362 reads.
[26.5 minutes]	Chunk 10: (pM06~GTSP2175~1) completed with 3769 reads.
[27.9 minutes]	Chunk 10: (pM06~GTSP2176~1) completed with 5292 reads.
[29.2 minutes]	Chunk 10: (pM06~GTSP2177~1) completed with 4041 reads.
[30.4 minutes]	Chunk 10: (pHO2~GTSP2178~1) completed with 1928 reads.
[31.4 minutes]	Chunk 10: (pM12~GTSP2179~1) completed with 1543 reads.
[32.0 minutes]	Chunk 10: No reads demultiplexed for sample NTC~NTC2~1.
[32.0 minutes]	Chunk 10 completed.
