[9.1 minutes]	Chunk 1: (pM50~GTSP2160~1) completed with 5311 reads.
[10.4 minutes]	Chunk 1: (pM50~GTSP2161~1) completed with 3769 reads.
[11.6 minutes]	Chunk 1: (pM50~GTSP2162~1) completed with 4724 reads.
[12.6 minutes]	Chunk 1: (pM66~GTSP2163~1) completed with 2626 reads.
[14.0 minutes]	Chunk 1: (pM66~GTSP2164~1) completed with 3364 reads.
[15.0 minutes]	Chunk 1: (pM66~GTSP2165~1) completed with 2368 reads.
[16.3 minutes]	Chunk 1: (pLinus~GTSP2166~1) completed with 6328 reads.
[17.4 minutes]	Chunk 1: (pLinus~GTSP2167~1) completed with 6955 reads.
[18.6 minutes]	Chunk 1: (pLinus~GTSP2168~1) completed with 4737 reads.
[19.3 minutes]	Chunk 1: No reads demultiplexed for sample NTC~NTC1~1.
[20.2 minutes]	Chunk 1: (pH19~GTSP2169~1) completed with 2517 reads.
[21.2 minutes]	Chunk 1: (pH19~GTSP2170~1) completed with 3207 reads.
[21.9 minutes]	Chunk 1: (pH19~GTSP2171~1) completed with 33 reads.
[23.6 minutes]	Chunk 1: (pJ60~GTSP2172~1) completed with 7309 reads.
[25.1 minutes]	Chunk 1: (pJ60~GTSP2173~1) completed with 7411 reads.
[26.4 minutes]	Chunk 1: (pJ60~GTSP2174~1) completed with 5629 reads.
[27.8 minutes]	Chunk 1: (pM06~GTSP2175~1) completed with 4066 reads.
[29.3 minutes]	Chunk 1: (pM06~GTSP2176~1) completed with 5346 reads.
[30.6 minutes]	Chunk 1: (pM06~GTSP2177~1) completed with 4244 reads.
[31.8 minutes]	Chunk 1: (pHO2~GTSP2178~1) completed with 2186 reads.
[32.6 minutes]	Chunk 1: (pM12~GTSP2179~1) completed with 1690 reads.
[33.1 minutes]	Chunk 1: No reads demultiplexed for sample NTC~NTC2~1.
[33.1 minutes]	Chunk 1 completed.
