[9.0 minutes]	Chunk 17: (pM50~GTSP2160~1) completed with 5193 reads.
[10.1 minutes]	Chunk 17: (pM50~GTSP2161~1) completed with 3650 reads.
[11.3 minutes]	Chunk 17: (pM50~GTSP2162~1) completed with 4626 reads.
[12.2 minutes]	Chunk 17: (pM66~GTSP2163~1) completed with 2391 reads.
[13.4 minutes]	Chunk 17: (pM66~GTSP2164~1) completed with 2759 reads.
[14.2 minutes]	Chunk 17: (pM66~GTSP2165~1) completed with 423 reads.
[15.4 minutes]	Chunk 17: (pLinus~GTSP2166~1) completed with 6389 reads.
[16.6 minutes]	Chunk 17: (pLinus~GTSP2167~1) completed with 6803 reads.
[17.7 minutes]	Chunk 17: (pLinus~GTSP2168~1) completed with 4512 reads.
[18.3 minutes]	Chunk 17: No reads demultiplexed for sample NTC~NTC1~1.
[19.2 minutes]	Chunk 17: (pH19~GTSP2169~1) completed with 2290 reads.
[20.1 minutes]	Chunk 17: (pH19~GTSP2170~1) completed with 3114 reads.
[20.9 minutes]	Chunk 17: (pH19~GTSP2171~1) completed with 6 reads.
[22.4 minutes]	Chunk 17: (pJ60~GTSP2172~1) completed with 6865 reads.
[23.9 minutes]	Chunk 17: (pJ60~GTSP2173~1) completed with 7331 reads.
[25.1 minutes]	Chunk 17: (pJ60~GTSP2174~1) completed with 5469 reads.
[26.4 minutes]	Chunk 17: (pM06~GTSP2175~1) completed with 3664 reads.
[27.8 minutes]	Chunk 17: (pM06~GTSP2176~1) completed with 5252 reads.
[29.1 minutes]	Chunk 17: (pM06~GTSP2177~1) completed with 4253 reads.
[30.2 minutes]	Chunk 17: (pHO2~GTSP2178~1) completed with 1808 reads.
[31.2 minutes]	Chunk 17: (pM12~GTSP2179~1) completed with 1342 reads.
[31.8 minutes]	Chunk 17: No reads demultiplexed for sample NTC~NTC2~1.
[31.8 minutes]	Chunk 17 completed.
