[9.1 minutes]	Chunk 30: (pM50~GTSP2160~1) completed with 5756 reads.
[10.3 minutes]	Chunk 30: (pM50~GTSP2161~1) completed with 3922 reads.
[11.6 minutes]	Chunk 30: (pM50~GTSP2162~1) completed with 5082 reads.
[12.6 minutes]	Chunk 30: (pM66~GTSP2163~1) completed with 2839 reads.
[13.9 minutes]	Chunk 30: (pM66~GTSP2164~1) completed with 3843 reads.
[14.8 minutes]	Chunk 30: (pM66~GTSP2165~1) completed with 1865 reads.
[16.0 minutes]	Chunk 30: (pLinus~GTSP2166~1) completed with 6454 reads.
[17.2 minutes]	Chunk 30: (pLinus~GTSP2167~1) completed with 7266 reads.
[18.3 minutes]	Chunk 30: (pLinus~GTSP2168~1) completed with 4974 reads.
[19.0 minutes]	Chunk 30: No reads demultiplexed for sample NTC~NTC1~1.
[19.9 minutes]	Chunk 30: (pH19~GTSP2169~1) completed with 2560 reads.
[20.9 minutes]	Chunk 30: (pH19~GTSP2170~1) completed with 3138 reads.
[21.6 minutes]	Chunk 30: (pH19~GTSP2171~1) completed with 14 reads.
[23.2 minutes]	Chunk 30: (pJ60~GTSP2172~1) completed with 6891 reads.
[24.8 minutes]	Chunk 30: (pJ60~GTSP2173~1) completed with 7728 reads.
[26.0 minutes]	Chunk 30: (pJ60~GTSP2174~1) completed with 5649 reads.
[27.4 minutes]	Chunk 30: (pM06~GTSP2175~1) completed with 4051 reads.
[28.9 minutes]	Chunk 30: (pM06~GTSP2176~1) completed with 5852 reads.
[30.4 minutes]	Chunk 30: (pM06~GTSP2177~1) completed with 4671 reads.
[31.6 minutes]	Chunk 30: (pHO2~GTSP2178~1) completed with 2579 reads.
[32.5 minutes]	Chunk 30: (pM12~GTSP2179~1) completed with 2080 reads.
[32.9 minutes]	Chunk 30: No reads demultiplexed for sample NTC~NTC2~1.
[32.9 minutes]	Chunk 30 completed.
