[9.0 minutes]	Chunk 13: (pM50~GTSP2160~1) completed with 5120 reads.
[10.1 minutes]	Chunk 13: (pM50~GTSP2161~1) completed with 3526 reads.
[11.2 minutes]	Chunk 13: (pM50~GTSP2162~1) completed with 4610 reads.
[12.3 minutes]	Chunk 13: (pM66~GTSP2163~1) completed with 2506 reads.
[13.5 minutes]	Chunk 13: (pM66~GTSP2164~1) completed with 3086 reads.
[14.3 minutes]	Chunk 13: (pM66~GTSP2165~1) completed with 958 reads.
[15.6 minutes]	Chunk 13: (pLinus~GTSP2166~1) completed with 6249 reads.
[16.7 minutes]	Chunk 13: (pLinus~GTSP2167~1) completed with 6786 reads.
[17.8 minutes]	Chunk 13: (pLinus~GTSP2168~1) completed with 4513 reads.
[18.5 minutes]	Chunk 13: No reads demultiplexed for sample NTC~NTC1~1.
[19.4 minutes]	Chunk 13: (pH19~GTSP2169~1) completed with 2513 reads.
[20.3 minutes]	Chunk 13: (pH19~GTSP2170~1) completed with 3048 reads.
[21.0 minutes]	Chunk 13: (pH19~GTSP2171~1) completed with 15 reads.
[22.6 minutes]	Chunk 13: (pJ60~GTSP2172~1) completed with 7177 reads.
[24.1 minutes]	Chunk 13: (pJ60~GTSP2173~1) completed with 7251 reads.
[25.3 minutes]	Chunk 13: (pJ60~GTSP2174~1) completed with 5304 reads.
[26.6 minutes]	Chunk 13: (pM06~GTSP2175~1) completed with 3934 reads.
[28.0 minutes]	Chunk 13: (pM06~GTSP2176~1) completed with 5141 reads.
[29.4 minutes]	Chunk 13: (pM06~GTSP2177~1) completed with 4050 reads.
[30.5 minutes]	Chunk 13: (pHO2~GTSP2178~1) completed with 1902 reads.
[31.5 minutes]	Chunk 13: (pM12~GTSP2179~1) completed with 1500 reads.
[32.1 minutes]	Chunk 13: No reads demultiplexed for sample NTC~NTC2~1.
[32.1 minutes]	Chunk 13 completed.
