[9.1 minutes]	Chunk 25: (pM50~GTSP2160~1) completed with 5666 reads.
[10.4 minutes]	Chunk 25: (pM50~GTSP2161~1) completed with 3912 reads.
[11.6 minutes]	Chunk 25: (pM50~GTSP2162~1) completed with 4969 reads.
[12.7 minutes]	Chunk 25: (pM66~GTSP2163~1) completed with 2989 reads.
[14.1 minutes]	Chunk 25: (pM66~GTSP2164~1) completed with 4228 reads.
[15.1 minutes]	Chunk 25: (pM66~GTSP2165~1) completed with 2611 reads.
[16.4 minutes]	Chunk 25: (pLinus~GTSP2166~1) completed with 6667 reads.
[17.6 minutes]	Chunk 25: (pLinus~GTSP2167~1) completed with 7140 reads.
[18.8 minutes]	Chunk 25: (pLinus~GTSP2168~1) completed with 4991 reads.
[19.5 minutes]	Chunk 25: No reads demultiplexed for sample NTC~NTC1~1.
[20.6 minutes]	Chunk 25: (pH19~GTSP2169~1) completed with 2768 reads.
[21.6 minutes]	Chunk 25: (pH19~GTSP2170~1) completed with 3291 reads.
[22.3 minutes]	Chunk 25: (pH19~GTSP2171~1) completed with 38 reads.
[24.0 minutes]	Chunk 25: (pJ60~GTSP2172~1) completed with 7906 reads.
[25.6 minutes]	Chunk 25: (pJ60~GTSP2173~1) completed with 7897 reads.
[26.8 minutes]	Chunk 25: (pJ60~GTSP2174~1) completed with 6097 reads.
[28.2 minutes]	Chunk 25: (pM06~GTSP2175~1) completed with 4417 reads.
[29.8 minutes]	Chunk 25: (pM06~GTSP2176~1) completed with 6027 reads.
[31.2 minutes]	Chunk 25: (pM06~GTSP2177~1) completed with 4851 reads.
[32.3 minutes]	Chunk 25: (pHO2~GTSP2178~1) completed with 2887 reads.
[33.1 minutes]	Chunk 25: (pM12~GTSP2179~1) completed with 2298 reads.
[33.5 minutes]	Chunk 25: No reads demultiplexed for sample NTC~NTC2~1.
[33.5 minutes]	Chunk 25 completed.
