[9.0 minutes]	Chunk 2: (pM50~GTSP2160~1) completed with 5038 reads.
[10.1 minutes]	Chunk 2: (pM50~GTSP2161~1) completed with 3447 reads.
[11.2 minutes]	Chunk 2: (pM50~GTSP2162~1) completed with 4547 reads.
[12.2 minutes]	Chunk 2: (pM66~GTSP2163~1) completed with 2490 reads.
[13.5 minutes]	Chunk 2: (pM66~GTSP2164~1) completed with 3172 reads.
[14.4 minutes]	Chunk 2: (pM66~GTSP2165~1) completed with 2221 reads.
[15.6 minutes]	Chunk 2: (pLinus~GTSP2166~1) completed with 5910 reads.
[16.8 minutes]	Chunk 2: (pLinus~GTSP2167~1) completed with 6392 reads.
[17.9 minutes]	Chunk 2: (pLinus~GTSP2168~1) completed with 4559 reads.
[18.6 minutes]	Chunk 2: No reads demultiplexed for sample NTC~NTC1~1.
[19.5 minutes]	Chunk 2: (pH19~GTSP2169~1) completed with 2510 reads.
[20.4 minutes]	Chunk 2: (pH19~GTSP2170~1) completed with 3036 reads.
[21.2 minutes]	Chunk 2: (pH19~GTSP2171~1) completed with 47 reads.
[22.8 minutes]	Chunk 2: (pJ60~GTSP2172~1) completed with 6662 reads.
[24.2 minutes]	Chunk 2: (pJ60~GTSP2173~1) completed with 7029 reads.
[25.4 minutes]	Chunk 2: (pJ60~GTSP2174~1) completed with 5242 reads.
[26.7 minutes]	Chunk 2: (pM06~GTSP2175~1) completed with 3717 reads.
[28.1 minutes]	Chunk 2: (pM06~GTSP2176~1) completed with 5189 reads.
[29.5 minutes]	Chunk 2: (pM06~GTSP2177~1) completed with 4035 reads.
[30.6 minutes]	Chunk 2: (pHO2~GTSP2178~1) completed with 2053 reads.
[31.7 minutes]	Chunk 2: (pM12~GTSP2179~1) completed with 1633 reads.
[32.3 minutes]	Chunk 2: No reads demultiplexed for sample NTC~NTC2~1.
[32.3 minutes]	Chunk 2 completed.
