[9.0 minutes]	Chunk 14: (pM50~GTSP2160~1) completed with 5129 reads.
[10.1 minutes]	Chunk 14: (pM50~GTSP2161~1) completed with 3457 reads.
[11.2 minutes]	Chunk 14: (pM50~GTSP2162~1) completed with 4418 reads.
[12.2 minutes]	Chunk 14: (pM66~GTSP2163~1) completed with 2430 reads.
[13.3 minutes]	Chunk 14: (pM66~GTSP2164~1) completed with 2798 reads.
[14.2 minutes]	Chunk 14: (pM66~GTSP2165~1) completed with 758 reads.
[15.4 minutes]	Chunk 14: (pLinus~GTSP2166~1) completed with 6007 reads.
[16.5 minutes]	Chunk 14: (pLinus~GTSP2167~1) completed with 6253 reads.
[17.5 minutes]	Chunk 14: (pLinus~GTSP2168~1) completed with 4428 reads.
[18.2 minutes]	Chunk 14: No reads demultiplexed for sample NTC~NTC1~1.
[19.1 minutes]	Chunk 14: (pH19~GTSP2169~1) completed with 2422 reads.
[20.0 minutes]	Chunk 14: (pH19~GTSP2170~1) completed with 2973 reads.
[20.6 minutes]	Chunk 14: (pH19~GTSP2171~1) completed with 9 reads.
[22.2 minutes]	Chunk 14: (pJ60~GTSP2172~1) completed with 7061 reads.
[23.6 minutes]	Chunk 14: (pJ60~GTSP2173~1) completed with 7086 reads.
[24.9 minutes]	Chunk 14: (pJ60~GTSP2174~1) completed with 5078 reads.
[26.2 minutes]	Chunk 14: (pM06~GTSP2175~1) completed with 3731 reads.
[27.5 minutes]	Chunk 14: (pM06~GTSP2176~1) completed with 4843 reads.
[28.8 minutes]	Chunk 14: (pM06~GTSP2177~1) completed with 4106 reads.
[29.9 minutes]	Chunk 14: (pHO2~GTSP2178~1) completed with 1687 reads.
[30.9 minutes]	Chunk 14: (pM12~GTSP2179~1) completed with 1399 reads.
[31.5 minutes]	Chunk 14: No reads demultiplexed for sample NTC~NTC2~1.
[31.5 minutes]	Chunk 14 completed.
