[9.1 minutes]	Chunk 3: (pM50~GTSP2160~1) completed with 4888 reads.
[10.2 minutes]	Chunk 3: (pM50~GTSP2161~1) completed with 3598 reads.
[11.5 minutes]	Chunk 3: (pM50~GTSP2162~1) completed with 4342 reads.
[12.5 minutes]	Chunk 3: (pM66~GTSP2163~1) completed with 2607 reads.
[13.8 minutes]	Chunk 3: (pM66~GTSP2164~1) completed with 3260 reads.
[14.8 minutes]	Chunk 3: (pM66~GTSP2165~1) completed with 2253 reads.
[16.0 minutes]	Chunk 3: (pLinus~GTSP2166~1) completed with 6099 reads.
[17.1 minutes]	Chunk 3: (pLinus~GTSP2167~1) completed with 6558 reads.
[18.2 minutes]	Chunk 3: (pLinus~GTSP2168~1) completed with 4541 reads.
[18.9 minutes]	Chunk 3: No reads demultiplexed for sample NTC~NTC1~1.
[19.9 minutes]	Chunk 3: (pH19~GTSP2169~1) completed with 2463 reads.
[20.8 minutes]	Chunk 3: (pH19~GTSP2170~1) completed with 3090 reads.
[21.5 minutes]	Chunk 3: (pH19~GTSP2171~1) completed with 34 reads.
[23.0 minutes]	Chunk 3: (pJ60~GTSP2172~1) completed with 6887 reads.
[24.4 minutes]	Chunk 3: (pJ60~GTSP2173~1) completed with 6924 reads.
[25.7 minutes]	Chunk 3: (pJ60~GTSP2174~1) completed with 5278 reads.
[27.0 minutes]	Chunk 3: (pM06~GTSP2175~1) completed with 3769 reads.
[28.4 minutes]	Chunk 3: (pM06~GTSP2176~1) completed with 5256 reads.
[29.7 minutes]	Chunk 3: (pM06~GTSP2177~1) completed with 4034 reads.
[30.9 minutes]	Chunk 3: (pHO2~GTSP2178~1) completed with 2082 reads.
[31.9 minutes]	Chunk 3: (pM12~GTSP2179~1) completed with 1772 reads.
[32.4 minutes]	Chunk 3: No reads demultiplexed for sample NTC~NTC2~1.
[32.4 minutes]	Chunk 3 completed.
