[9.2 minutes]	Chunk 21: (pM50~GTSP2160~1) completed with 5860 reads.
[10.4 minutes]	Chunk 21: (pM50~GTSP2161~1) completed with 3897 reads.
[11.7 minutes]	Chunk 21: (pM50~GTSP2162~1) completed with 5057 reads.
[12.8 minutes]	Chunk 21: (pM66~GTSP2163~1) completed with 2839 reads.
[14.1 minutes]	Chunk 21: (pM66~GTSP2164~1) completed with 4125 reads.
[15.3 minutes]	Chunk 21: (pM66~GTSP2165~1) completed with 3189 reads.
[16.6 minutes]	Chunk 21: (pLinus~GTSP2166~1) completed with 6524 reads.
[17.8 minutes]	Chunk 21: (pLinus~GTSP2167~1) completed with 7137 reads.
[18.9 minutes]	Chunk 21: (pLinus~GTSP2168~1) completed with 5050 reads.
[19.6 minutes]	Chunk 21: No reads demultiplexed for sample NTC~NTC1~1.
[20.6 minutes]	Chunk 21: (pH19~GTSP2169~1) completed with 2603 reads.
[21.7 minutes]	Chunk 21: (pH19~GTSP2170~1) completed with 3286 reads.
[22.4 minutes]	Chunk 21: (pH19~GTSP2171~1) completed with 92 reads.
[24.1 minutes]	Chunk 21: (pJ60~GTSP2172~1) completed with 7166 reads.
[25.6 minutes]	Chunk 21: (pJ60~GTSP2173~1) completed with 7757 reads.
[26.9 minutes]	Chunk 21: (pJ60~GTSP2174~1) completed with 5796 reads.
[28.4 minutes]	Chunk 21: (pM06~GTSP2175~1) completed with 4024 reads.
[29.9 minutes]	Chunk 21: (pM06~GTSP2176~1) completed with 6008 reads.
[31.3 minutes]	Chunk 21: (pM06~GTSP2177~1) completed with 4824 reads.
[32.4 minutes]	Chunk 21: (pHO2~GTSP2178~1) completed with 2839 reads.
[33.1 minutes]	Chunk 21: (pM12~GTSP2179~1) completed with 2381 reads.
[33.5 minutes]	Chunk 21: No reads demultiplexed for sample NTC~NTC2~1.
[33.5 minutes]	Chunk 21 completed.
