[9.1 minutes]	Chunk 22: (pM50~GTSP2160~1) completed with 5724 reads.
[10.3 minutes]	Chunk 22: (pM50~GTSP2161~1) completed with 3843 reads.
[11.6 minutes]	Chunk 22: (pM50~GTSP2162~1) completed with 5087 reads.
[12.7 minutes]	Chunk 22: (pM66~GTSP2163~1) completed with 2784 reads.
[14.0 minutes]	Chunk 22: (pM66~GTSP2164~1) completed with 3959 reads.
[15.1 minutes]	Chunk 22: (pM66~GTSP2165~1) completed with 2894 reads.
[16.3 minutes]	Chunk 22: (pLinus~GTSP2166~1) completed with 6557 reads.
[17.6 minutes]	Chunk 22: (pLinus~GTSP2167~1) completed with 7239 reads.
[18.7 minutes]	Chunk 22: (pLinus~GTSP2168~1) completed with 4946 reads.
[19.4 minutes]	Chunk 22: (NTC~NTC1~1) completed with 1 reads.
[20.4 minutes]	Chunk 22: (pH19~GTSP2169~1) completed with 2506 reads.
[21.3 minutes]	Chunk 22: (pH19~GTSP2170~1) completed with 3143 reads.
[22.1 minutes]	Chunk 22: (pH19~GTSP2171~1) completed with 59 reads.
[23.6 minutes]	Chunk 22: (pJ60~GTSP2172~1) completed with 7131 reads.
[25.2 minutes]	Chunk 22: (pJ60~GTSP2173~1) completed with 7602 reads.
[26.5 minutes]	Chunk 22: (pJ60~GTSP2174~1) completed with 5714 reads.
[27.9 minutes]	Chunk 22: (pM06~GTSP2175~1) completed with 4044 reads.
[29.4 minutes]	Chunk 22: (pM06~GTSP2176~1) completed with 5859 reads.
[30.8 minutes]	Chunk 22: (pM06~GTSP2177~1) completed with 4747 reads.
[32.0 minutes]	Chunk 22: (pHO2~GTSP2178~1) completed with 2719 reads.
[32.8 minutes]	Chunk 22: (pM12~GTSP2179~1) completed with 2208 reads.
[33.2 minutes]	Chunk 22: (NTC~NTC2~1) No reads remaining after LTR capture and trimming.
[33.2 minutes]	Chunk 22 completed.
