[9.1 minutes]	Chunk 27: (pM50~GTSP2160~1) completed with 5707 reads.
[10.3 minutes]	Chunk 27: (pM50~GTSP2161~1) completed with 3897 reads.
[11.6 minutes]	Chunk 27: (pM50~GTSP2162~1) completed with 4977 reads.
[12.6 minutes]	Chunk 27: (pM66~GTSP2163~1) completed with 2850 reads.
[13.9 minutes]	Chunk 27: (pM66~GTSP2164~1) completed with 3799 reads.
[14.8 minutes]	Chunk 27: (pM66~GTSP2165~1) completed with 2251 reads.
[16.1 minutes]	Chunk 27: (pLinus~GTSP2166~1) completed with 6423 reads.
[17.2 minutes]	Chunk 27: (pLinus~GTSP2167~1) completed with 7028 reads.
[18.4 minutes]	Chunk 27: (pLinus~GTSP2168~1) completed with 4942 reads.
[19.1 minutes]	Chunk 27: No reads demultiplexed for sample NTC~NTC1~1.
[20.1 minutes]	Chunk 27: (pH19~GTSP2169~1) completed with 2605 reads.
[21.1 minutes]	Chunk 27: (pH19~GTSP2170~1) completed with 3224 reads.
[21.8 minutes]	Chunk 27: (pH19~GTSP2171~1) completed with 13 reads.
[23.4 minutes]	Chunk 27: (pJ60~GTSP2172~1) completed with 7161 reads.
[24.9 minutes]	Chunk 27: (pJ60~GTSP2173~1) completed with 7534 reads.
[26.2 minutes]	Chunk 27: (pJ60~GTSP2174~1) completed with 5741 reads.
[27.6 minutes]	Chunk 27: (pM06~GTSP2175~1) completed with 3963 reads.
[29.1 minutes]	Chunk 27: (pM06~GTSP2176~1) completed with 5801 reads.
[30.6 minutes]	Chunk 27: (pM06~GTSP2177~1) completed with 4660 reads.
[31.8 minutes]	Chunk 27: (pHO2~GTSP2178~1) completed with 2583 reads.
[32.6 minutes]	Chunk 27: (pM12~GTSP2179~1) completed with 2072 reads.
[33.0 minutes]	Chunk 27: No reads demultiplexed for sample NTC~NTC2~1.
[33.0 minutes]	Chunk 27 completed.
