[8.9 minutes]	Chunk 15: (pM50~GTSP2160~1) completed with 5098 reads.
[10.1 minutes]	Chunk 15: (pM50~GTSP2161~1) completed with 3554 reads.
[11.2 minutes]	Chunk 15: (pM50~GTSP2162~1) completed with 4467 reads.
[12.2 minutes]	Chunk 15: (pM66~GTSP2163~1) completed with 2426 reads.
[13.3 minutes]	Chunk 15: (pM66~GTSP2164~1) completed with 2736 reads.
[14.2 minutes]	Chunk 15: (pM66~GTSP2165~1) completed with 547 reads.
[15.3 minutes]	Chunk 15: (pLinus~GTSP2166~1) completed with 6056 reads.
[16.4 minutes]	Chunk 15: (pLinus~GTSP2167~1) completed with 6338 reads.
[17.5 minutes]	Chunk 15: (pLinus~GTSP2168~1) completed with 4458 reads.
[18.2 minutes]	Chunk 15: No reads demultiplexed for sample NTC~NTC1~1.
[19.1 minutes]	Chunk 15: (pH19~GTSP2169~1) completed with 2337 reads.
[19.9 minutes]	Chunk 15: (pH19~GTSP2170~1) completed with 2917 reads.
[20.6 minutes]	Chunk 15: (pH19~GTSP2171~1) completed with 6 reads.
[22.1 minutes]	Chunk 15: (pJ60~GTSP2172~1) completed with 6750 reads.
[23.6 minutes]	Chunk 15: (pJ60~GTSP2173~1) completed with 6948 reads.
[24.7 minutes]	Chunk 15: (pJ60~GTSP2174~1) completed with 5090 reads.
[26.0 minutes]	Chunk 15: (pM06~GTSP2175~1) completed with 3653 reads.
[27.4 minutes]	Chunk 15: (pM06~GTSP2176~1) completed with 5071 reads.
[28.8 minutes]	Chunk 15: (pM06~GTSP2177~1) completed with 4124 reads.
[29.8 minutes]	Chunk 15: (pHO2~GTSP2178~1) completed with 1618 reads.
[30.8 minutes]	Chunk 15: (pM12~GTSP2179~1) completed with 1356 reads.
[31.5 minutes]	Chunk 15: No reads demultiplexed for sample NTC~NTC2~1.
[31.5 minutes]	Chunk 15 completed.
