[9.2 minutes]	Chunk 7: (pM50~GTSP2160~1) completed with 5009 reads.
[10.3 minutes]	Chunk 7: (pM50~GTSP2161~1) completed with 3552 reads.
[11.6 minutes]	Chunk 7: (pM50~GTSP2162~1) completed with 4358 reads.
[12.6 minutes]	Chunk 7: (pM66~GTSP2163~1) completed with 2570 reads.
[13.9 minutes]	Chunk 7: (pM66~GTSP2164~1) completed with 3247 reads.
[14.8 minutes]	Chunk 7: (pM66~GTSP2165~1) completed with 1819 reads.
[16.0 minutes]	Chunk 7: (pLinus~GTSP2166~1) completed with 6090 reads.
[17.1 minutes]	Chunk 7: (pLinus~GTSP2167~1) completed with 6715 reads.
[18.2 minutes]	Chunk 7: (pLinus~GTSP2168~1) completed with 4506 reads.
[18.9 minutes]	Chunk 7: No reads demultiplexed for sample NTC~NTC1~1.
[19.8 minutes]	Chunk 7: (pH19~GTSP2169~1) completed with 2473 reads.
[20.8 minutes]	Chunk 7: (pH19~GTSP2170~1) completed with 3041 reads.
[21.4 minutes]	Chunk 7: (pH19~GTSP2171~1) completed with 5 reads.
[23.0 minutes]	Chunk 7: (pJ60~GTSP2172~1) completed with 6846 reads.
[24.4 minutes]	Chunk 7: (pJ60~GTSP2173~1) completed with 7015 reads.
[25.6 minutes]	Chunk 7: (pJ60~GTSP2174~1) completed with 5346 reads.
[26.9 minutes]	Chunk 7: (pM06~GTSP2175~1) completed with 3762 reads.
[28.4 minutes]	Chunk 7: (pM06~GTSP2176~1) completed with 5222 reads.
[29.7 minutes]	Chunk 7: (pM06~GTSP2177~1) completed with 4029 reads.
[30.8 minutes]	Chunk 7: (pHO2~GTSP2178~1) completed with 2060 reads.
[31.8 minutes]	Chunk 7: (pM12~GTSP2179~1) completed with 1806 reads.
[32.4 minutes]	Chunk 7: No reads demultiplexed for sample NTC~NTC2~1.
[32.4 minutes]	Chunk 7 completed.
