[9.1 minutes]	Chunk 26: (pM50~GTSP2160~1) completed with 5695 reads.
[10.2 minutes]	Chunk 26: (pM50~GTSP2161~1) completed with 3753 reads.
[11.6 minutes]	Chunk 26: (pM50~GTSP2162~1) completed with 4845 reads.
[12.6 minutes]	Chunk 26: (pM66~GTSP2163~1) completed with 2724 reads.
[14.0 minutes]	Chunk 26: (pM66~GTSP2164~1) completed with 3795 reads.
[15.0 minutes]	Chunk 26: (pM66~GTSP2165~1) completed with 2355 reads.
[16.3 minutes]	Chunk 26: (pLinus~GTSP2166~1) completed with 6670 reads.
[17.5 minutes]	Chunk 26: (pLinus~GTSP2167~1) completed with 6941 reads.
[18.7 minutes]	Chunk 26: (pLinus~GTSP2168~1) completed with 4888 reads.
[19.3 minutes]	Chunk 26: No reads demultiplexed for sample NTC~NTC1~1.
[20.2 minutes]	Chunk 26: (pH19~GTSP2169~1) completed with 2614 reads.
[21.2 minutes]	Chunk 26: (pH19~GTSP2170~1) completed with 3158 reads.
[22.0 minutes]	Chunk 26: (pH19~GTSP2171~1) completed with 19 reads.
[23.7 minutes]	Chunk 26: (pJ60~GTSP2172~1) completed with 7472 reads.
[25.2 minutes]	Chunk 26: (pJ60~GTSP2173~1) completed with 7676 reads.
[26.5 minutes]	Chunk 26: (pJ60~GTSP2174~1) completed with 5580 reads.
[27.8 minutes]	Chunk 26: (pM06~GTSP2175~1) completed with 4102 reads.
[29.3 minutes]	Chunk 26: (pM06~GTSP2176~1) completed with 5774 reads.
[30.8 minutes]	Chunk 26: (pM06~GTSP2177~1) completed with 4567 reads.
[31.9 minutes]	Chunk 26: (pHO2~GTSP2178~1) completed with 2605 reads.
[32.7 minutes]	Chunk 26: (pM12~GTSP2179~1) completed with 2081 reads.
[33.1 minutes]	Chunk 26: No reads demultiplexed for sample NTC~NTC2~1.
[33.1 minutes]	Chunk 26 completed.
