[8.9 minutes]	Chunk 18: (pM50~GTSP2160~1) completed with 5212 reads.
[10.0 minutes]	Chunk 18: (pM50~GTSP2161~1) completed with 3585 reads.
[11.2 minutes]	Chunk 18: (pM50~GTSP2162~1) completed with 4456 reads.
[12.2 minutes]	Chunk 18: (pM66~GTSP2163~1) completed with 2408 reads.
[13.4 minutes]	Chunk 18: (pM66~GTSP2164~1) completed with 2614 reads.
[14.1 minutes]	Chunk 18: (pM66~GTSP2165~1) completed with 330 reads.
[15.3 minutes]	Chunk 18: (pLinus~GTSP2166~1) completed with 6156 reads.
[16.4 minutes]	Chunk 18: (pLinus~GTSP2167~1) completed with 6530 reads.
[17.5 minutes]	Chunk 18: (pLinus~GTSP2168~1) completed with 4323 reads.
[18.1 minutes]	Chunk 18: No reads demultiplexed for sample NTC~NTC1~1.
[19.0 minutes]	Chunk 18: (pH19~GTSP2169~1) completed with 2245 reads.
[19.8 minutes]	Chunk 18: (pH19~GTSP2170~1) completed with 2938 reads.
[20.5 minutes]	Chunk 18: (pH19~GTSP2171~1) completed with 6 reads.
[22.0 minutes]	Chunk 18: (pJ60~GTSP2172~1) completed with 6693 reads.
[23.4 minutes]	Chunk 18: (pJ60~GTSP2173~1) completed with 7096 reads.
[24.7 minutes]	Chunk 18: (pJ60~GTSP2174~1) completed with 4961 reads.
[25.9 minutes]	Chunk 18: (pM06~GTSP2175~1) completed with 3532 reads.
[27.3 minutes]	Chunk 18: (pM06~GTSP2176~1) completed with 5011 reads.
[28.6 minutes]	Chunk 18: (pM06~GTSP2177~1) completed with 4106 reads.
[29.6 minutes]	Chunk 18: (pHO2~GTSP2178~1) completed with 1562 reads.
[30.6 minutes]	Chunk 18: (pM12~GTSP2179~1) completed with 1175 reads.
[31.2 minutes]	Chunk 18: No reads demultiplexed for sample NTC~NTC2~1.
[31.2 minutes]	Chunk 18 completed.
