[9.2 minutes]	Chunk 29: (pM50~GTSP2160~1) completed with 5889 reads.
[10.4 minutes]	Chunk 29: (pM50~GTSP2161~1) completed with 4004 reads.
[11.7 minutes]	Chunk 29: (pM50~GTSP2162~1) completed with 5199 reads.
[12.7 minutes]	Chunk 29: (pM66~GTSP2163~1) completed with 2813 reads.
[14.1 minutes]	Chunk 29: (pM66~GTSP2164~1) completed with 4052 reads.
[15.1 minutes]	Chunk 29: (pM66~GTSP2165~1) completed with 2134 reads.
[16.4 minutes]	Chunk 29: (pLinus~GTSP2166~1) completed with 6762 reads.
[17.6 minutes]	Chunk 29: (pLinus~GTSP2167~1) completed with 7234 reads.
[18.8 minutes]	Chunk 29: (pLinus~GTSP2168~1) completed with 5024 reads.
[19.5 minutes]	Chunk 29: No reads demultiplexed for sample NTC~NTC1~1.
[20.5 minutes]	Chunk 29: (pH19~GTSP2169~1) completed with 2533 reads.
[21.5 minutes]	Chunk 29: (pH19~GTSP2170~1) completed with 3214 reads.
[22.2 minutes]	Chunk 29: (pH19~GTSP2171~1) completed with 15 reads.
[23.8 minutes]	Chunk 29: (pJ60~GTSP2172~1) completed with 7192 reads.
[25.4 minutes]	Chunk 29: (pJ60~GTSP2173~1) completed with 7811 reads.
[26.6 minutes]	Chunk 29: (pJ60~GTSP2174~1) completed with 5833 reads.
[28.0 minutes]	Chunk 29: (pM06~GTSP2175~1) completed with 4077 reads.
[29.5 minutes]	Chunk 29: (pM06~GTSP2176~1) completed with 6094 reads.
[31.0 minutes]	Chunk 29: (pM06~GTSP2177~1) completed with 4939 reads.
[32.1 minutes]	Chunk 29: (pHO2~GTSP2178~1) completed with 2754 reads.
[32.9 minutes]	Chunk 29: (pM12~GTSP2179~1) completed with 2133 reads.
[33.4 minutes]	Chunk 29: (NTC~NTC2~1) No reads remaining after user specified read tests and read synchronization.
[33.4 minutes]	Chunk 29 completed.
