[9.2 minutes]	Chunk 33: (pM50~GTSP2160~1) completed with 5644 reads.
[10.4 minutes]	Chunk 33: (pM50~GTSP2161~1) completed with 3903 reads.
[11.6 minutes]	Chunk 33: (pM50~GTSP2162~1) completed with 4982 reads.
[12.6 minutes]	Chunk 33: (pM66~GTSP2163~1) completed with 2773 reads.
[14.0 minutes]	Chunk 33: (pM66~GTSP2164~1) completed with 3636 reads.
[14.9 minutes]	Chunk 33: (pM66~GTSP2165~1) completed with 941 reads.
[16.2 minutes]	Chunk 33: (pLinus~GTSP2166~1) completed with 6784 reads.
[17.5 minutes]	Chunk 33: (pLinus~GTSP2167~1) completed with 7229 reads.
[18.6 minutes]	Chunk 33: (pLinus~GTSP2168~1) completed with 4752 reads.
[19.3 minutes]	Chunk 33: No reads demultiplexed for sample NTC~NTC1~1.
[20.2 minutes]	Chunk 33: (pH19~GTSP2169~1) completed with 2696 reads.
[21.2 minutes]	Chunk 33: (pH19~GTSP2170~1) completed with 3252 reads.
[22.0 minutes]	Chunk 33: (pH19~GTSP2171~1) completed with 9 reads.
[23.6 minutes]	Chunk 33: (pJ60~GTSP2172~1) completed with 7623 reads.
[25.2 minutes]	Chunk 33: (pJ60~GTSP2173~1) completed with 7687 reads.
[26.4 minutes]	Chunk 33: (pJ60~GTSP2174~1) completed with 5511 reads.
[27.9 minutes]	Chunk 33: (pM06~GTSP2175~1) completed with 4404 reads.
[29.4 minutes]	Chunk 33: (pM06~GTSP2176~1) completed with 5793 reads.
[30.8 minutes]	Chunk 33: (pM06~GTSP2177~1) completed with 4682 reads.
[31.9 minutes]	Chunk 33: (pHO2~GTSP2178~1) completed with 2433 reads.
[32.7 minutes]	Chunk 33: (pM12~GTSP2179~1) completed with 1893 reads.
[33.2 minutes]	Chunk 33: No reads demultiplexed for sample NTC~NTC2~1.
[33.2 minutes]	Chunk 33 completed.
