[9.0 minutes]	Chunk 5: (pM50~GTSP2160~1) completed with 5224 reads.
[10.2 minutes]	Chunk 5: (pM50~GTSP2161~1) completed with 3632 reads.
[11.5 minutes]	Chunk 5: (pM50~GTSP2162~1) completed with 4634 reads.
[12.5 minutes]	Chunk 5: (pM66~GTSP2163~1) completed with 2571 reads.
[13.8 minutes]	Chunk 5: (pM66~GTSP2164~1) completed with 3481 reads.
[14.8 minutes]	Chunk 5: (pM66~GTSP2165~1) completed with 2199 reads.
[16.0 minutes]	Chunk 5: (pLinus~GTSP2166~1) completed with 6194 reads.
[17.2 minutes]	Chunk 5: (pLinus~GTSP2167~1) completed with 6742 reads.
[18.4 minutes]	Chunk 5: (pLinus~GTSP2168~1) completed with 4673 reads.
[19.0 minutes]	Chunk 5: No reads demultiplexed for sample NTC~NTC1~1.
[19.9 minutes]	Chunk 5: (pH19~GTSP2169~1) completed with 2567 reads.
[20.9 minutes]	Chunk 5: (pH19~GTSP2170~1) completed with 3191 reads.
[21.7 minutes]	Chunk 5: (pH19~GTSP2171~1) completed with 40 reads.
[23.3 minutes]	Chunk 5: (pJ60~GTSP2172~1) completed with 7169 reads.
[24.8 minutes]	Chunk 5: (pJ60~GTSP2173~1) completed with 7309 reads.
[26.1 minutes]	Chunk 5: (pJ60~GTSP2174~1) completed with 5570 reads.
[27.4 minutes]	Chunk 5: (pM06~GTSP2175~1) completed with 3929 reads.
[28.9 minutes]	Chunk 5: (pM06~GTSP2176~1) completed with 5358 reads.
[30.3 minutes]	Chunk 5: (pM06~GTSP2177~1) completed with 4257 reads.
[31.4 minutes]	Chunk 5: (pHO2~GTSP2178~1) completed with 2339 reads.
[32.4 minutes]	Chunk 5: (pM12~GTSP2179~1) completed with 1829 reads.
[32.8 minutes]	Chunk 5: No reads demultiplexed for sample NTC~NTC2~1.
[32.8 minutes]	Chunk 5 completed.
