[7.4 minutes]	Chunk 38: (pM50~GTSP2160~1) completed with 1483 reads.
[7.7 minutes]	Chunk 38: (pM50~GTSP2161~1) completed with 1027 reads.
[8.0 minutes]	Chunk 38: (pM50~GTSP2162~1) completed with 1246 reads.
[8.3 minutes]	Chunk 38: (pM66~GTSP2163~1) completed with 705 reads.
[8.6 minutes]	Chunk 38: (pM66~GTSP2164~1) completed with 741 reads.
[8.8 minutes]	Chunk 38: (pM66~GTSP2165~1) completed with 161 reads.
[9.2 minutes]	Chunk 38: (pLinus~GTSP2166~1) completed with 1482 reads.
[9.5 minutes]	Chunk 38: (pLinus~GTSP2167~1) completed with 1732 reads.
[9.8 minutes]	Chunk 38: (pLinus~GTSP2168~1) completed with 1245 reads.
[10.0 minutes]	Chunk 38: No reads demultiplexed for sample NTC~NTC1~1.
[10.2 minutes]	Chunk 38: (pH19~GTSP2169~1) completed with 523 reads.
[10.4 minutes]	Chunk 38: (pH19~GTSP2170~1) completed with 614 reads.
[10.7 minutes]	Chunk 38: (pH19~GTSP2171~1) completed with 1 reads.
[11.0 minutes]	Chunk 38: (pJ60~GTSP2172~1) completed with 1391 reads.
[11.4 minutes]	Chunk 38: (pJ60~GTSP2173~1) completed with 2104 reads.
[11.8 minutes]	Chunk 38: (pJ60~GTSP2174~1) completed with 1229 reads.
[12.1 minutes]	Chunk 38: (pM06~GTSP2175~1) completed with 1001 reads.
[12.5 minutes]	Chunk 38: (pM06~GTSP2176~1) completed with 1504 reads.
[12.8 minutes]	Chunk 38: (pM06~GTSP2177~1) completed with 1187 reads.
[13.2 minutes]	Chunk 38: (pHO2~GTSP2178~1) completed with 522 reads.
[13.4 minutes]	Chunk 38: (pM12~GTSP2179~1) completed with 368 reads.
[13.6 minutes]	Chunk 38: No reads demultiplexed for sample NTC~NTC2~1.
[13.6 minutes]	Chunk 38 completed.
