[8.9 minutes]	Chunk 23: (pM50~GTSP2160~1) completed with 5485 reads.
[10.1 minutes]	Chunk 23: (pM50~GTSP2161~1) completed with 3859 reads.
[11.3 minutes]	Chunk 23: (pM50~GTSP2162~1) completed with 4920 reads.
[12.4 minutes]	Chunk 23: (pM66~GTSP2163~1) completed with 2792 reads.
[13.7 minutes]	Chunk 23: (pM66~GTSP2164~1) completed with 3827 reads.
[14.7 minutes]	Chunk 23: (pM66~GTSP2165~1) completed with 2754 reads.
[15.9 minutes]	Chunk 23: (pLinus~GTSP2166~1) completed with 6492 reads.
[17.1 minutes]	Chunk 23: (pLinus~GTSP2167~1) completed with 7071 reads.
[18.3 minutes]	Chunk 23: (pLinus~GTSP2168~1) completed with 4858 reads.
[19.0 minutes]	Chunk 23: No reads demultiplexed for sample NTC~NTC1~1.
[19.9 minutes]	Chunk 23: (pH19~GTSP2169~1) completed with 2673 reads.
[20.9 minutes]	Chunk 23: (pH19~GTSP2170~1) completed with 3140 reads.
[21.6 minutes]	Chunk 23: (pH19~GTSP2171~1) completed with 53 reads.
[23.2 minutes]	Chunk 23: (pJ60~GTSP2172~1) completed with 7235 reads.
[24.8 minutes]	Chunk 23: (pJ60~GTSP2173~1) completed with 7494 reads.
[26.0 minutes]	Chunk 23: (pJ60~GTSP2174~1) completed with 5730 reads.
[27.4 minutes]	Chunk 23: (pM06~GTSP2175~1) completed with 4068 reads.
[28.9 minutes]	Chunk 23: (pM06~GTSP2176~1) completed with 5793 reads.
[30.3 minutes]	Chunk 23: (pM06~GTSP2177~1) completed with 4568 reads.
[31.4 minutes]	Chunk 23: (pHO2~GTSP2178~1) completed with 2586 reads.
[32.4 minutes]	Chunk 23: (pM12~GTSP2179~1) completed with 2093 reads.
[33.1 minutes]	Chunk 23: No reads demultiplexed for sample NTC~NTC2~1.
[33.1 minutes]	Chunk 23 completed.
