[9.6 minutes]	Chunk 28: (pM50~GTSP2160~1) completed with 5983 reads.
[10.8 minutes]	Chunk 28: (pM50~GTSP2161~1) completed with 3929 reads.
[12.1 minutes]	Chunk 28: (pM50~GTSP2162~1) completed with 5132 reads.
[13.1 minutes]	Chunk 28: (pM66~GTSP2163~1) completed with 2907 reads.
[14.4 minutes]	Chunk 28: (pM66~GTSP2164~1) completed with 4094 reads.
[15.4 minutes]	Chunk 28: (pM66~GTSP2165~1) completed with 2401 reads.
[16.6 minutes]	Chunk 28: (pLinus~GTSP2166~1) completed with 6682 reads.
[17.9 minutes]	Chunk 28: (pLinus~GTSP2167~1) completed with 7260 reads.
[18.9 minutes]	Chunk 28: (pLinus~GTSP2168~1) completed with 4949 reads.
[19.6 minutes]	Chunk 28: No reads demultiplexed for sample NTC~NTC1~1.
[20.5 minutes]	Chunk 28: (pH19~GTSP2169~1) completed with 2587 reads.
[21.5 minutes]	Chunk 28: (pH19~GTSP2170~1) completed with 3276 reads.
[22.2 minutes]	Chunk 28: (pH19~GTSP2171~1) completed with 16 reads.
[23.8 minutes]	Chunk 28: (pJ60~GTSP2172~1) completed with 7192 reads.
[25.3 minutes]	Chunk 28: (pJ60~GTSP2173~1) completed with 7681 reads.
[26.6 minutes]	Chunk 28: (pJ60~GTSP2174~1) completed with 5925 reads.
[27.9 minutes]	Chunk 28: (pM06~GTSP2175~1) completed with 4077 reads.
[29.3 minutes]	Chunk 28: (pM06~GTSP2176~1) completed with 5936 reads.
[30.7 minutes]	Chunk 28: (pM06~GTSP2177~1) completed with 4700 reads.
[32.0 minutes]	Chunk 28: (pHO2~GTSP2178~1) completed with 2794 reads.
[33.1 minutes]	Chunk 28: (pM12~GTSP2179~1) completed with 2124 reads.
[33.5 minutes]	Chunk 28: No reads demultiplexed for sample NTC~NTC2~1.
[33.5 minutes]	Chunk 28 completed.
