[8.9 minutes]	Chunk 9: (pM50~GTSP2160~1) completed with 5172 reads.
[10.1 minutes]	Chunk 9: (pM50~GTSP2161~1) completed with 3649 reads.
[11.3 minutes]	Chunk 9: (pM50~GTSP2162~1) completed with 4576 reads.
[12.3 minutes]	Chunk 9: (pM66~GTSP2163~1) completed with 2554 reads.
[13.6 minutes]	Chunk 9: (pM66~GTSP2164~1) completed with 3387 reads.
[14.5 minutes]	Chunk 9: (pM66~GTSP2165~1) completed with 1680 reads.
[15.8 minutes]	Chunk 9: (pLinus~GTSP2166~1) completed with 6146 reads.
[16.9 minutes]	Chunk 9: (pLinus~GTSP2167~1) completed with 6732 reads.
[18.0 minutes]	Chunk 9: (pLinus~GTSP2168~1) completed with 4619 reads.
[18.7 minutes]	Chunk 9: No reads demultiplexed for sample NTC~NTC1~1.
[19.6 minutes]	Chunk 9: (pH19~GTSP2169~1) completed with 2530 reads.
[20.5 minutes]	Chunk 9: (pH19~GTSP2170~1) completed with 3151 reads.
[21.2 minutes]	Chunk 9: (pH19~GTSP2171~1) completed with 5 reads.
[22.8 minutes]	Chunk 9: (pJ60~GTSP2172~1) completed with 6942 reads.
[24.3 minutes]	Chunk 9: (pJ60~GTSP2173~1) completed with 7161 reads.
[25.6 minutes]	Chunk 9: (pJ60~GTSP2174~1) completed with 5485 reads.
[26.9 minutes]	Chunk 9: (pM06~GTSP2175~1) completed with 3790 reads.
[28.4 minutes]	Chunk 9: (pM06~GTSP2176~1) completed with 5272 reads.
[29.8 minutes]	Chunk 9: (pM06~GTSP2177~1) completed with 4236 reads.
[30.9 minutes]	Chunk 9: (pHO2~GTSP2178~1) completed with 2161 reads.
[31.9 minutes]	Chunk 9: (pM12~GTSP2179~1) completed with 1642 reads.
[32.6 minutes]	Chunk 9: No reads demultiplexed for sample NTC~NTC2~1.
[32.6 minutes]	Chunk 9 completed.
