[9.4 minutes]	Chunk 10: (pM50~GTSP2160~1) completed with 4938 reads.
[10.5 minutes]	Chunk 10: (pM50~GTSP2161~1) completed with 3560 reads.
[11.7 minutes]	Chunk 10: (pM50~GTSP2162~1) completed with 4445 reads.
[12.7 minutes]	Chunk 10: (pM66~GTSP2163~1) completed with 2478 reads.
[13.9 minutes]	Chunk 10: (pM66~GTSP2164~1) completed with 3101 reads.
[14.8 minutes]	Chunk 10: (pM66~GTSP2165~1) completed with 1406 reads.
[16.0 minutes]	Chunk 10: (pLinus~GTSP2166~1) completed with 6072 reads.
[17.1 minutes]	Chunk 10: (pLinus~GTSP2167~1) completed with 6723 reads.
[18.2 minutes]	Chunk 10: (pLinus~GTSP2168~1) completed with 4504 reads.
[18.9 minutes]	Chunk 10: No reads demultiplexed for sample NTC~NTC1~1.
[19.8 minutes]	Chunk 10: (pH19~GTSP2169~1) completed with 2517 reads.
[20.8 minutes]	Chunk 10: (pH19~GTSP2170~1) completed with 2969 reads.
[21.5 minutes]	Chunk 10: (pH19~GTSP2171~1) completed with 6 reads.
[23.1 minutes]	Chunk 10: (pJ60~GTSP2172~1) completed with 7083 reads.
[24.4 minutes]	Chunk 10: (pJ60~GTSP2173~1) completed with 6850 reads.
[25.7 minutes]	Chunk 10: (pJ60~GTSP2174~1) completed with 5362 reads.
[27.0 minutes]	Chunk 10: (pM06~GTSP2175~1) completed with 3769 reads.
[28.4 minutes]	Chunk 10: (pM06~GTSP2176~1) completed with 5292 reads.
[29.8 minutes]	Chunk 10: (pM06~GTSP2177~1) completed with 4041 reads.
[30.9 minutes]	Chunk 10: (pHO2~GTSP2178~1) completed with 1928 reads.
[31.9 minutes]	Chunk 10: (pM12~GTSP2179~1) completed with 1543 reads.
[32.5 minutes]	Chunk 10: No reads demultiplexed for sample NTC~NTC2~1.
[32.5 minutes]	Chunk 10 completed.
