[9.2 minutes]	Chunk 12: (pM50~GTSP2160~1) completed with 5246 reads.
[10.3 minutes]	Chunk 12: (pM50~GTSP2161~1) completed with 3645 reads.
[11.5 minutes]	Chunk 12: (pM50~GTSP2162~1) completed with 4588 reads.
[12.4 minutes]	Chunk 12: (pM66~GTSP2163~1) completed with 2640 reads.
[13.6 minutes]	Chunk 12: (pM66~GTSP2164~1) completed with 3234 reads.
[14.5 minutes]	Chunk 12: (pM66~GTSP2165~1) completed with 1214 reads.
[15.6 minutes]	Chunk 12: (pLinus~GTSP2166~1) completed with 6251 reads.
[16.7 minutes]	Chunk 12: (pLinus~GTSP2167~1) completed with 6765 reads.
[17.8 minutes]	Chunk 12: (pLinus~GTSP2168~1) completed with 4558 reads.
[18.5 minutes]	Chunk 12: No reads demultiplexed for sample NTC~NTC1~1.
[19.4 minutes]	Chunk 12: (pH19~GTSP2169~1) completed with 2528 reads.
[20.3 minutes]	Chunk 12: (pH19~GTSP2170~1) completed with 3010 reads.
[20.9 minutes]	Chunk 12: (pH19~GTSP2171~1) completed with 14 reads.
[22.4 minutes]	Chunk 12: (pJ60~GTSP2172~1) completed with 7158 reads.
[23.8 minutes]	Chunk 12: (pJ60~GTSP2173~1) completed with 7259 reads.
[25.0 minutes]	Chunk 12: (pJ60~GTSP2174~1) completed with 5421 reads.
[26.3 minutes]	Chunk 12: (pM06~GTSP2175~1) completed with 4043 reads.
[27.7 minutes]	Chunk 12: (pM06~GTSP2176~1) completed with 5303 reads.
[29.0 minutes]	Chunk 12: (pM06~GTSP2177~1) completed with 4263 reads.
[30.1 minutes]	Chunk 12: (pHO2~GTSP2178~1) completed with 2129 reads.
[31.2 minutes]	Chunk 12: (pM12~GTSP2179~1) completed with 1647 reads.
[32.0 minutes]	Chunk 12: No reads demultiplexed for sample NTC~NTC2~1.
[32.0 minutes]	Chunk 12 completed.
