[9.5 minutes]	Chunk 6: (pM50~GTSP2160~1) completed with 5052 reads.
[10.6 minutes]	Chunk 6: (pM50~GTSP2161~1) completed with 3508 reads.
[11.8 minutes]	Chunk 6: (pM50~GTSP2162~1) completed with 4425 reads.
[12.8 minutes]	Chunk 6: (pM66~GTSP2163~1) completed with 2541 reads.
[14.0 minutes]	Chunk 6: (pM66~GTSP2164~1) completed with 3331 reads.
[14.8 minutes]	Chunk 6: (pM66~GTSP2165~1) completed with 1924 reads.
[16.0 minutes]	Chunk 6: (pLinus~GTSP2166~1) completed with 5907 reads.
[17.1 minutes]	Chunk 6: (pLinus~GTSP2167~1) completed with 6449 reads.
[18.1 minutes]	Chunk 6: (pLinus~GTSP2168~1) completed with 4372 reads.
[18.8 minutes]	Chunk 6: (NTC~NTC1~1) completed with 1 reads.
[19.6 minutes]	Chunk 6: (pH19~GTSP2169~1) completed with 2558 reads.
[20.6 minutes]	Chunk 6: (pH19~GTSP2170~1) completed with 3051 reads.
[21.2 minutes]	Chunk 6: (pH19~GTSP2171~1) completed with 22 reads.
[22.7 minutes]	Chunk 6: (pJ60~GTSP2172~1) completed with 6764 reads.
[24.1 minutes]	Chunk 6: (pJ60~GTSP2173~1) completed with 7045 reads.
[25.2 minutes]	Chunk 6: (pJ60~GTSP2174~1) completed with 5398 reads.
[26.4 minutes]	Chunk 6: (pM06~GTSP2175~1) completed with 3793 reads.
[27.8 minutes]	Chunk 6: (pM06~GTSP2176~1) completed with 5350 reads.
[29.1 minutes]	Chunk 6: (pM06~GTSP2177~1) completed with 4114 reads.
[30.2 minutes]	Chunk 6: (pHO2~GTSP2178~1) completed with 2123 reads.
[31.4 minutes]	Chunk 6: (pM12~GTSP2179~1) completed with 1724 reads.
[32.1 minutes]	Chunk 6: No reads demultiplexed for sample NTC~NTC2~1.
[32.1 minutes]	Chunk 6 completed.
