[9.5 minutes]	Chunk 4: (pM50~GTSP2160~1) completed with 5171 reads.
[10.7 minutes]	Chunk 4: (pM50~GTSP2161~1) completed with 3690 reads.
[11.9 minutes]	Chunk 4: (pM50~GTSP2162~1) completed with 4708 reads.
[12.9 minutes]	Chunk 4: (pM66~GTSP2163~1) completed with 2542 reads.
[14.1 minutes]	Chunk 4: (pM66~GTSP2164~1) completed with 3573 reads.
[15.1 minutes]	Chunk 4: (pM66~GTSP2165~1) completed with 2335 reads.
[16.3 minutes]	Chunk 4: (pLinus~GTSP2166~1) completed with 6494 reads.
[17.4 minutes]	Chunk 4: (pLinus~GTSP2167~1) completed with 6874 reads.
[18.5 minutes]	Chunk 4: (pLinus~GTSP2168~1) completed with 4716 reads.
[19.2 minutes]	Chunk 4: No reads demultiplexed for sample NTC~NTC1~1.
[20.1 minutes]	Chunk 4: (pH19~GTSP2169~1) completed with 2489 reads.
[21.0 minutes]	Chunk 4: (pH19~GTSP2170~1) completed with 3175 reads.
[21.7 minutes]	Chunk 4: (pH19~GTSP2171~1) completed with 23 reads.
[23.2 minutes]	Chunk 4: (pJ60~GTSP2172~1) completed with 7020 reads.
[24.6 minutes]	Chunk 4: (pJ60~GTSP2173~1) completed with 7368 reads.
[25.8 minutes]	Chunk 4: (pJ60~GTSP2174~1) completed with 5519 reads.
[27.1 minutes]	Chunk 4: (pM06~GTSP2175~1) completed with 3979 reads.
[28.5 minutes]	Chunk 4: (pM06~GTSP2176~1) completed with 5438 reads.
[29.9 minutes]	Chunk 4: (pM06~GTSP2177~1) completed with 4127 reads.
[31.1 minutes]	Chunk 4: (pHO2~GTSP2178~1) completed with 2334 reads.
[32.2 minutes]	Chunk 4: (pM12~GTSP2179~1) completed with 1858 reads.
[32.8 minutes]	Chunk 4: No reads demultiplexed for sample NTC~NTC2~1.
[32.8 minutes]	Chunk 4 completed.
