[9.6 minutes]	Chunk 37: (pM50~GTSP2160~1) completed with 6260 reads.
[10.8 minutes]	Chunk 37: (pM50~GTSP2161~1) completed with 4120 reads.
[12.1 minutes]	Chunk 37: (pM50~GTSP2162~1) completed with 5373 reads.
[13.2 minutes]	Chunk 37: (pM66~GTSP2163~1) completed with 2894 reads.
[14.6 minutes]	Chunk 37: (pM66~GTSP2164~1) completed with 3716 reads.
[15.4 minutes]	Chunk 37: (pM66~GTSP2165~1) completed with 926 reads.
[16.6 minutes]	Chunk 37: (pLinus~GTSP2166~1) completed with 6918 reads.
[17.9 minutes]	Chunk 37: (pLinus~GTSP2167~1) completed with 7651 reads.
[19.1 minutes]	Chunk 37: (pLinus~GTSP2168~1) completed with 5269 reads.
[19.8 minutes]	Chunk 37: No reads demultiplexed for sample NTC~NTC1~1.
[20.7 minutes]	Chunk 37: (pH19~GTSP2169~1) completed with 2465 reads.
[21.7 minutes]	Chunk 37: (pH19~GTSP2170~1) completed with 2938 reads.
[22.4 minutes]	Chunk 37: (pH19~GTSP2171~1) completed with 11 reads.
[24.0 minutes]	Chunk 37: (pJ60~GTSP2172~1) completed with 6681 reads.
[25.5 minutes]	Chunk 37: (pJ60~GTSP2173~1) completed with 8483 reads.
[26.8 minutes]	Chunk 37: (pJ60~GTSP2174~1) completed with 5541 reads.
[28.2 minutes]	Chunk 37: (pM06~GTSP2175~1) completed with 4290 reads.
[29.8 minutes]	Chunk 37: (pM06~GTSP2176~1) completed with 6306 reads.
[31.1 minutes]	Chunk 37: (pM06~GTSP2177~1) completed with 5083 reads.
[32.3 minutes]	Chunk 37: (pHO2~GTSP2178~1) completed with 2451 reads.
[33.2 minutes]	Chunk 37: (pM12~GTSP2179~1) completed with 1935 reads.
[33.6 minutes]	Chunk 37: No reads demultiplexed for sample NTC~NTC2~1.
[33.6 minutes]	Chunk 37 completed.
