[9.1 minutes]	Chunk 34: (pM50~GTSP2160~1) completed with 5529 reads.
[10.2 minutes]	Chunk 34: (pM50~GTSP2161~1) completed with 3834 reads.
[11.5 minutes]	Chunk 34: (pM50~GTSP2162~1) completed with 4883 reads.
[12.5 minutes]	Chunk 34: (pM66~GTSP2163~1) completed with 2642 reads.
[13.7 minutes]	Chunk 34: (pM66~GTSP2164~1) completed with 3197 reads.
[14.5 minutes]	Chunk 34: (pM66~GTSP2165~1) completed with 890 reads.
[15.7 minutes]	Chunk 34: (pLinus~GTSP2166~1) completed with 6508 reads.
[16.8 minutes]	Chunk 34: (pLinus~GTSP2167~1) completed with 6859 reads.
[17.8 minutes]	Chunk 34: (pLinus~GTSP2168~1) completed with 4537 reads.
[18.5 minutes]	Chunk 34: No reads demultiplexed for sample NTC~NTC1~1.
[19.4 minutes]	Chunk 34: (pH19~GTSP2169~1) completed with 2387 reads.
[20.3 minutes]	Chunk 34: (pH19~GTSP2170~1) completed with 3060 reads.
[20.9 minutes]	Chunk 34: (pH19~GTSP2171~1) completed with 7 reads.
[22.4 minutes]	Chunk 34: (pJ60~GTSP2172~1) completed with 7203 reads.
[23.8 minutes]	Chunk 34: (pJ60~GTSP2173~1) completed with 7330 reads.
[25.0 minutes]	Chunk 34: (pJ60~GTSP2174~1) completed with 5442 reads.
[26.4 minutes]	Chunk 34: (pM06~GTSP2175~1) completed with 3950 reads.
[27.7 minutes]	Chunk 34: (pM06~GTSP2176~1) completed with 5589 reads.
[29.0 minutes]	Chunk 34: (pM06~GTSP2177~1) completed with 4468 reads.
[30.1 minutes]	Chunk 34: (pHO2~GTSP2178~1) completed with 2231 reads.
[31.2 minutes]	Chunk 34: (pM12~GTSP2179~1) completed with 1690 reads.
[31.9 minutes]	Chunk 34: No reads demultiplexed for sample NTC~NTC2~1.
[31.9 minutes]	Chunk 34 completed.
