[9.0 minutes]	Chunk 20: (pM50~GTSP2160~1) completed with 5596 reads.
[10.2 minutes]	Chunk 20: (pM50~GTSP2161~1) completed with 3875 reads.
[11.5 minutes]	Chunk 20: (pM50~GTSP2162~1) completed with 4900 reads.
[12.6 minutes]	Chunk 20: (pM66~GTSP2163~1) completed with 2780 reads.
[13.9 minutes]	Chunk 20: (pM66~GTSP2164~1) completed with 3591 reads.
[14.9 minutes]	Chunk 20: (pM66~GTSP2165~1) completed with 2843 reads.
[16.2 minutes]	Chunk 20: (pLinus~GTSP2166~1) completed with 6438 reads.
[17.4 minutes]	Chunk 20: (pLinus~GTSP2167~1) completed with 6990 reads.
[18.6 minutes]	Chunk 20: (pLinus~GTSP2168~1) completed with 4736 reads.
[19.2 minutes]	Chunk 20: No reads demultiplexed for sample NTC~NTC1~1.
[20.2 minutes]	Chunk 20: (pH19~GTSP2169~1) completed with 2560 reads.
[21.1 minutes]	Chunk 20: (pH19~GTSP2170~1) completed with 3146 reads.
[21.8 minutes]	Chunk 20: (pH19~GTSP2171~1) completed with 71 reads.
[23.4 minutes]	Chunk 20: (pJ60~GTSP2172~1) completed with 7310 reads.
[25.0 minutes]	Chunk 20: (pJ60~GTSP2173~1) completed with 7749 reads.
[26.2 minutes]	Chunk 20: (pJ60~GTSP2174~1) completed with 5659 reads.
[27.7 minutes]	Chunk 20: (pM06~GTSP2175~1) completed with 4140 reads.
[29.2 minutes]	Chunk 20: (pM06~GTSP2176~1) completed with 5747 reads.
[30.5 minutes]	Chunk 20: (pM06~GTSP2177~1) completed with 4418 reads.
[31.8 minutes]	Chunk 20: (pHO2~GTSP2178~1) completed with 2475 reads.
[32.8 minutes]	Chunk 20: (pM12~GTSP2179~1) completed with 1970 reads.
[33.3 minutes]	Chunk 20: No reads demultiplexed for sample NTC~NTC2~1.
[33.3 minutes]	Chunk 20 completed.
