[8.9 minutes]	Chunk 19: (pM50~GTSP2160~1) completed with 5304 reads.
[10.0 minutes]	Chunk 19: (pM50~GTSP2161~1) completed with 3635 reads.
[11.2 minutes]	Chunk 19: (pM50~GTSP2162~1) completed with 4420 reads.
[12.1 minutes]	Chunk 19: (pM66~GTSP2163~1) completed with 2442 reads.
[13.2 minutes]	Chunk 19: (pM66~GTSP2164~1) completed with 2992 reads.
[14.1 minutes]	Chunk 19: (pM66~GTSP2165~1) completed with 1379 reads.
[15.3 minutes]	Chunk 19: (pLinus~GTSP2166~1) completed with 6170 reads.
[16.4 minutes]	Chunk 19: (pLinus~GTSP2167~1) completed with 6768 reads.
[17.4 minutes]	Chunk 19: (pLinus~GTSP2168~1) completed with 4523 reads.
[18.1 minutes]	Chunk 19: (NTC~NTC1~1) No reads remaining after user specified read tests and read synchronization.
[18.9 minutes]	Chunk 19: (pH19~GTSP2169~1) completed with 2341 reads.
[19.8 minutes]	Chunk 19: (pH19~GTSP2170~1) completed with 2963 reads.
[20.5 minutes]	Chunk 19: (pH19~GTSP2171~1) completed with 35 reads.
[21.9 minutes]	Chunk 19: (pJ60~GTSP2172~1) completed with 6774 reads.
[23.3 minutes]	Chunk 19: (pJ60~GTSP2173~1) completed with 7212 reads.
[24.4 minutes]	Chunk 19: (pJ60~GTSP2174~1) completed with 5198 reads.
[25.7 minutes]	Chunk 19: (pM06~GTSP2175~1) completed with 3785 reads.
[27.0 minutes]	Chunk 19: (pM06~GTSP2176~1) completed with 5372 reads.
[28.3 minutes]	Chunk 19: (pM06~GTSP2177~1) completed with 4202 reads.
[29.4 minutes]	Chunk 19: (pHO2~GTSP2178~1) completed with 1868 reads.
[30.4 minutes]	Chunk 19: (pM12~GTSP2179~1) completed with 1474 reads.
[31.1 minutes]	Chunk 19: No reads demultiplexed for sample NTC~NTC2~1.
[31.1 minutes]	Chunk 19 completed.
