[9.0 minutes]	Chunk 8: (pM50~GTSP2160~1) completed with 5318 reads.
[10.2 minutes]	Chunk 8: (pM50~GTSP2161~1) completed with 3662 reads.
[11.4 minutes]	Chunk 8: (pM50~GTSP2162~1) completed with 4666 reads.
[12.5 minutes]	Chunk 8: (pM66~GTSP2163~1) completed with 2582 reads.
[13.8 minutes]	Chunk 8: (pM66~GTSP2164~1) completed with 3428 reads.
[14.8 minutes]	Chunk 8: (pM66~GTSP2165~1) completed with 1887 reads.
[16.1 minutes]	Chunk 8: (pLinus~GTSP2166~1) completed with 6285 reads.
[17.2 minutes]	Chunk 8: (pLinus~GTSP2167~1) completed with 6683 reads.
[18.4 minutes]	Chunk 8: (pLinus~GTSP2168~1) completed with 4610 reads.
[19.1 minutes]	Chunk 8: No reads demultiplexed for sample NTC~NTC1~1.
[20.0 minutes]	Chunk 8: (pH19~GTSP2169~1) completed with 2514 reads.
[21.0 minutes]	Chunk 8: (pH19~GTSP2170~1) completed with 3097 reads.
[21.8 minutes]	Chunk 8: (pH19~GTSP2171~1) completed with 15 reads.
[23.4 minutes]	Chunk 8: (pJ60~GTSP2172~1) completed with 7189 reads.
[24.9 minutes]	Chunk 8: (pJ60~GTSP2173~1) completed with 7322 reads.
[26.2 minutes]	Chunk 8: (pJ60~GTSP2174~1) completed with 5326 reads.
[27.6 minutes]	Chunk 8: (pM06~GTSP2175~1) completed with 3906 reads.
[29.1 minutes]	Chunk 8: (pM06~GTSP2176~1) completed with 5383 reads.
[30.4 minutes]	Chunk 8: (pM06~GTSP2177~1) completed with 4250 reads.
[31.5 minutes]	Chunk 8: (pHO2~GTSP2178~1) completed with 2231 reads.
[32.5 minutes]	Chunk 8: (pM12~GTSP2179~1) completed with 1743 reads.
[33.1 minutes]	Chunk 8: No reads demultiplexed for sample NTC~NTC2~1.
[33.1 minutes]	Chunk 8 completed.
