[9.7 minutes]	Chunk 29: (pM50~GTSP2160~1) completed with 5889 reads.
[10.9 minutes]	Chunk 29: (pM50~GTSP2161~1) completed with 4004 reads.
[12.2 minutes]	Chunk 29: (pM50~GTSP2162~1) completed with 5199 reads.
[13.3 minutes]	Chunk 29: (pM66~GTSP2163~1) completed with 2813 reads.
[14.7 minutes]	Chunk 29: (pM66~GTSP2164~1) completed with 4052 reads.
[15.7 minutes]	Chunk 29: (pM66~GTSP2165~1) completed with 2134 reads.
[17.0 minutes]	Chunk 29: (pLinus~GTSP2166~1) completed with 6762 reads.
[18.2 minutes]	Chunk 29: (pLinus~GTSP2167~1) completed with 7234 reads.
[19.4 minutes]	Chunk 29: (pLinus~GTSP2168~1) completed with 5024 reads.
[20.1 minutes]	Chunk 29: No reads demultiplexed for sample NTC~NTC1~1.
[21.1 minutes]	Chunk 29: (pH19~GTSP2169~1) completed with 2533 reads.
[22.0 minutes]	Chunk 29: (pH19~GTSP2170~1) completed with 3214 reads.
[22.7 minutes]	Chunk 29: (pH19~GTSP2171~1) completed with 15 reads.
[24.4 minutes]	Chunk 29: (pJ60~GTSP2172~1) completed with 7192 reads.
[25.9 minutes]	Chunk 29: (pJ60~GTSP2173~1) completed with 7811 reads.
[27.2 minutes]	Chunk 29: (pJ60~GTSP2174~1) completed with 5833 reads.
[28.5 minutes]	Chunk 29: (pM06~GTSP2175~1) completed with 4077 reads.
[30.0 minutes]	Chunk 29: (pM06~GTSP2176~1) completed with 6094 reads.
[31.4 minutes]	Chunk 29: (pM06~GTSP2177~1) completed with 4939 reads.
[32.6 minutes]	Chunk 29: (pHO2~GTSP2178~1) completed with 2754 reads.
[33.4 minutes]	Chunk 29: (pM12~GTSP2179~1) completed with 2133 reads.
[33.9 minutes]	Chunk 29: (NTC~NTC2~1) No reads remaining after user specified read tests and read synchronization.
[33.9 minutes]	Chunk 29 completed.
