[9.4 minutes]	Chunk 11: (pM50~GTSP2160~1) completed with 5069 reads.
[10.5 minutes]	Chunk 11: (pM50~GTSP2161~1) completed with 3422 reads.
[11.7 minutes]	Chunk 11: (pM50~GTSP2162~1) completed with 4368 reads.
[12.7 minutes]	Chunk 11: (pM66~GTSP2163~1) completed with 2490 reads.
[13.9 minutes]	Chunk 11: (pM66~GTSP2164~1) completed with 3063 reads.
[14.8 minutes]	Chunk 11: (pM66~GTSP2165~1) completed with 1207 reads.
[16.0 minutes]	Chunk 11: (pLinus~GTSP2166~1) completed with 5840 reads.
[17.1 minutes]	Chunk 11: (pLinus~GTSP2167~1) completed with 6496 reads.
[18.2 minutes]	Chunk 11: (pLinus~GTSP2168~1) completed with 4420 reads.
[18.9 minutes]	Chunk 11: No reads demultiplexed for sample NTC~NTC1~1.
[19.8 minutes]	Chunk 11: (pH19~GTSP2169~1) completed with 2541 reads.
[20.7 minutes]	Chunk 11: (pH19~GTSP2170~1) completed with 2957 reads.
[21.4 minutes]	Chunk 11: (pH19~GTSP2171~1) completed with 12 reads.
[23.0 minutes]	Chunk 11: (pJ60~GTSP2172~1) completed with 6979 reads.
[24.4 minutes]	Chunk 11: (pJ60~GTSP2173~1) completed with 6874 reads.
[25.6 minutes]	Chunk 11: (pJ60~GTSP2174~1) completed with 5086 reads.
[26.9 minutes]	Chunk 11: (pM06~GTSP2175~1) completed with 3783 reads.
[28.4 minutes]	Chunk 11: (pM06~GTSP2176~1) completed with 5115 reads.
[29.6 minutes]	Chunk 11: (pM06~GTSP2177~1) completed with 3990 reads.
[30.8 minutes]	Chunk 11: (pHO2~GTSP2178~1) completed with 1935 reads.
[31.7 minutes]	Chunk 11: (pM12~GTSP2179~1) completed with 1493 reads.
[32.3 minutes]	Chunk 11: No reads demultiplexed for sample NTC~NTC2~1.
[32.3 minutes]	Chunk 11 completed.
