[9.4 minutes]	Chunk 36: (pM50~GTSP2160~1) completed with 5761 reads.
[10.6 minutes]	Chunk 36: (pM50~GTSP2161~1) completed with 3889 reads.
[11.8 minutes]	Chunk 36: (pM50~GTSP2162~1) completed with 4944 reads.
[12.9 minutes]	Chunk 36: (pM66~GTSP2163~1) completed with 2821 reads.
[14.2 minutes]	Chunk 36: (pM66~GTSP2164~1) completed with 3529 reads.
[15.0 minutes]	Chunk 36: (pM66~GTSP2165~1) completed with 875 reads.
[16.3 minutes]	Chunk 36: (pLinus~GTSP2166~1) completed with 6280 reads.
[17.5 minutes]	Chunk 36: (pLinus~GTSP2167~1) completed with 6795 reads.
[18.6 minutes]	Chunk 36: (pLinus~GTSP2168~1) completed with 4738 reads.
[19.3 minutes]	Chunk 36: No reads demultiplexed for sample NTC~NTC1~1.
[20.2 minutes]	Chunk 36: (pH19~GTSP2169~1) completed with 2641 reads.
[21.2 minutes]	Chunk 36: (pH19~GTSP2170~1) completed with 2917 reads.
[21.9 minutes]	Chunk 36: (pH19~GTSP2171~1) completed with 9 reads.
[23.6 minutes]	Chunk 36: (pJ60~GTSP2172~1) completed with 7811 reads.
[25.1 minutes]	Chunk 36: (pJ60~GTSP2173~1) completed with 7692 reads.
[26.4 minutes]	Chunk 36: (pJ60~GTSP2174~1) completed with 5389 reads.
[27.8 minutes]	Chunk 36: (pM06~GTSP2175~1) completed with 4517 reads.
[29.3 minutes]	Chunk 36: (pM06~GTSP2176~1) completed with 5772 reads.
[30.7 minutes]	Chunk 36: (pM06~GTSP2177~1) completed with 4547 reads.
[31.8 minutes]	Chunk 36: (pHO2~GTSP2178~1) completed with 2224 reads.
[32.7 minutes]	Chunk 36: (pM12~GTSP2179~1) completed with 1859 reads.
[33.3 minutes]	Chunk 36: No reads demultiplexed for sample NTC~NTC2~1.
[33.3 minutes]	Chunk 36 completed.
